<?xml version="1.0" encoding="UTF-8"?>
<!-- Generated by org.testng.reporters.JUnitReportReporter -->
<testsuite hostname="Aswins-Air" failures="0" tests="1" name="blackdog_automation.tests.To_verify_if_user_can_go_to_next_page" time="20.723" errors="0" timestamp="01 Apr 2020 04:41:02 GMT" skipped="0">
  <testcase classname="blackdog_automation.tests.To_verify_if_user_can_go_to_next_page" name="To_verify_if_user_can_go_to_next_page" time="20.723"/>
</testsuite> <!-- blackdog_automation.tests.To_verify_if_user_can_go_to_next_page -->
